<?xml version="1.0" encoding="UTF-8"?>
<!-- Generated by org.testng.reporters.JUnitReportReporter -->
<testsuite hostname="DESKTOP-9B2JCSO" failures="0" tests="2" name="testngpractice.TestCase" time="0.011" errors="0" timestamp="01 Mar 2023 03:27:51 GMT" skipped="0">
  <testcase classname="testngpractice.TestCase" name="tc3" time="0.004"/>
  <testcase classname="testngpractice.TestCase" name="tc3" time="0.007"/>
</testsuite> <!-- testngpractice.TestCase -->
